<?xml version="1.0" encoding="UTF-8"?>
<testsuite xmlns:xsi="http://www.w3.org/2001/XMLSchema-instance" xsi:noNamespaceSchemaLocation="https://maven.apache.org/surefire/maven-failsafe-plugin/xsd/failsafe-test-report-3.0.xsd" version="3.0" name="com.organization.mvcproject.it.HelloIT" time="0.437" tests="1" errors="0" skipped="0" failures="0">
  <properties>
    <property name="sun.desktop" value="windows"/>
    <property name="awt.toolkit" value="sun.awt.windows.WToolkit"/>
    <property name="file.encoding.pkg" value="sun.io"/>
    <property name="java.specification.version" value="1.8"/>
    <property name="sun.cpu.isalist" value="amd64"/>
    <property name="sun.jnu.encoding" value="Cp1252"/>
    <property name="java.class.path" value="C:\Users\matthew.b.dowell\eclipse\workspace\personal\mvcproject\target\test-classes;C:\Users\matthew.b.dowell\eclipse\workspace\personal\mvcproject\target\classes;C:\Users\matthew.b.dowell\.m2\repository\javax\annotation\javax.annotation-api\1.3.2\javax.annotation-api-1.3.2.jar;C:\Users\matthew.b.dowell\.m2\repository\org\springframework\spring-context\5.1.3.RELEASE\spring-context-5.1.3.RELEASE.jar;C:\Users\matthew.b.dowell\.m2\repository\org\springframework\spring-aop\5.1.3.RELEASE\spring-aop-5.1.3.RELEASE.jar;C:\Users\matthew.b.dowell\.m2\repository\org\springframework\spring-beans\5.1.3.RELEASE\spring-beans-5.1.3.RELEASE.jar;C:\Users\matthew.b.dowell\.m2\repository\org\springframework\spring-core\5.1.3.RELEASE\spring-core-5.1.3.RELEASE.jar;C:\Users\matthew.b.dowell\.m2\repository\org\springframework\spring-jcl\5.1.3.RELEASE\spring-jcl-5.1.3.RELEASE.jar;C:\Users\matthew.b.dowell\.m2\repository\org\springframework\spring-expression\5.1.3.RELEASE\spring-expression-5.1.3.RELEASE.jar;C:\Users\matthew.b.dowell\.m2\repository\org\springframework\spring-webmvc\5.1.3.RELEASE\spring-webmvc-5.1.3.RELEASE.jar;C:\Users\matthew.b.dowell\.m2\repository\org\springframework\spring-web\5.1.3.RELEASE\spring-web-5.1.3.RELEASE.jar;C:\Users\matthew.b.dowell\.m2\repository\org\springframework\spring-test\5.1.3.RELEASE\spring-test-5.1.3.RELEASE.jar;C:\Users\matthew.b.dowell\.m2\repository\cglib\cglib-nodep\3.2.10\cglib-nodep-3.2.10.jar;C:\Users\matthew.b.dowell\.m2\repository\javax\servlet\javax.servlet-api\3.1.0\javax.servlet-api-3.1.0.jar;C:\Users\matthew.b.dowell\.m2\repository\org\thymeleaf\thymeleaf-spring5\3.0.11.RELEASE\thymeleaf-spring5-3.0.11.RELEASE.jar;C:\Users\matthew.b.dowell\.m2\repository\org\thymeleaf\thymeleaf\3.0.11.RELEASE\thymeleaf-3.0.11.RELEASE.jar;C:\Users\matthew.b.dowell\.m2\repository\org\attoparser\attoparser\2.0.5.RELEASE\attoparser-2.0.5.RELEASE.jar;C:\Users\matthew.b.dowell\.m2\repository\org\unbescape\unbescape\1.1.6.RELEASE\unbescape-1.1.6.RELEASE.jar;C:\Users\matthew.b.dowell\.m2\repository\org\slf4j\slf4j-api\1.7.25\slf4j-api-1.7.25.jar;C:\Users\matthew.b.dowell\.m2\repository\log4j\log4j\1.2.14\log4j-1.2.14.jar;C:\Users\matthew.b.dowell\.m2\repository\javax\inject\javax.inject\1\javax.inject-1.jar;C:\Users\matthew.b.dowell\.m2\repository\commons-fileupload\commons-fileupload\1.4\commons-fileupload-1.4.jar;C:\Users\matthew.b.dowell\.m2\repository\commons-io\commons-io\2.6\commons-io-2.6.jar;C:\Users\matthew.b.dowell\.m2\repository\com\fasterxml\jackson\core\jackson-databind\2.9.8\jackson-databind-2.9.8.jar;C:\Users\matthew.b.dowell\.m2\repository\com\fasterxml\jackson\core\jackson-annotations\2.9.0\jackson-annotations-2.9.0.jar;C:\Users\matthew.b.dowell\.m2\repository\com\fasterxml\jackson\core\jackson-core\2.9.8\jackson-core-2.9.8.jar;C:\Users\matthew.b.dowell\.m2\repository\junit\junit\4.12\junit-4.12.jar;C:\Users\matthew.b.dowell\.m2\repository\org\hamcrest\hamcrest-core\1.3\hamcrest-core-1.3.jar;"/>
    <property name="java.vm.vendor" value="Oracle Corporation"/>
    <property name="sun.arch.data.model" value="64"/>
    <property name="user.variant" value=""/>
    <property name="java.vendor.url" value="http://java.oracle.com/"/>
    <property name="user.timezone" value="America/Chicago"/>
    <property name="java.vm.specification.version" value="1.8"/>
    <property name="os.name" value="Windows 10"/>
    <property name="user.country" value="US"/>
    <property name="sun.java.launcher" value="SUN_STANDARD"/>
    <property name="sun.boot.library.path" value="C:\jba\java\jdk_8_231\jre\bin"/>
    <property name="sun.java.command" value="C:\Users\matthew.b.dowell\AppData\Local\Temp\surefire6338408015388490523\surefirebooter3629044360940603177.jar C:\Users\matthew.b.dowell\AppData\Local\Temp\surefire6338408015388490523 2021-05-07T12-52-47_915-jvmRun1 surefire7937392396573324492tmp surefire_08635102253841020477tmp"/>
    <property name="surefire.test.class.path" value="C:\Users\matthew.b.dowell\eclipse\workspace\personal\mvcproject\target\test-classes;C:\Users\matthew.b.dowell\eclipse\workspace\personal\mvcproject\target\classes;C:\Users\matthew.b.dowell\.m2\repository\javax\annotation\javax.annotation-api\1.3.2\javax.annotation-api-1.3.2.jar;C:\Users\matthew.b.dowell\.m2\repository\org\springframework\spring-context\5.1.3.RELEASE\spring-context-5.1.3.RELEASE.jar;C:\Users\matthew.b.dowell\.m2\repository\org\springframework\spring-aop\5.1.3.RELEASE\spring-aop-5.1.3.RELEASE.jar;C:\Users\matthew.b.dowell\.m2\repository\org\springframework\spring-beans\5.1.3.RELEASE\spring-beans-5.1.3.RELEASE.jar;C:\Users\matthew.b.dowell\.m2\repository\org\springframework\spring-core\5.1.3.RELEASE\spring-core-5.1.3.RELEASE.jar;C:\Users\matthew.b.dowell\.m2\repository\org\springframework\spring-jcl\5.1.3.RELEASE\spring-jcl-5.1.3.RELEASE.jar;C:\Users\matthew.b.dowell\.m2\repository\org\springframework\spring-expression\5.1.3.RELEASE\spring-expression-5.1.3.RELEASE.jar;C:\Users\matthew.b.dowell\.m2\repository\org\springframework\spring-webmvc\5.1.3.RELEASE\spring-webmvc-5.1.3.RELEASE.jar;C:\Users\matthew.b.dowell\.m2\repository\org\springframework\spring-web\5.1.3.RELEASE\spring-web-5.1.3.RELEASE.jar;C:\Users\matthew.b.dowell\.m2\repository\org\springframework\spring-test\5.1.3.RELEASE\spring-test-5.1.3.RELEASE.jar;C:\Users\matthew.b.dowell\.m2\repository\cglib\cglib-nodep\3.2.10\cglib-nodep-3.2.10.jar;C:\Users\matthew.b.dowell\.m2\repository\javax\servlet\javax.servlet-api\3.1.0\javax.servlet-api-3.1.0.jar;C:\Users\matthew.b.dowell\.m2\repository\org\thymeleaf\thymeleaf-spring5\3.0.11.RELEASE\thymeleaf-spring5-3.0.11.RELEASE.jar;C:\Users\matthew.b.dowell\.m2\repository\org\thymeleaf\thymeleaf\3.0.11.RELEASE\thymeleaf-3.0.11.RELEASE.jar;C:\Users\matthew.b.dowell\.m2\repository\org\attoparser\attoparser\2.0.5.RELEASE\attoparser-2.0.5.RELEASE.jar;C:\Users\matthew.b.dowell\.m2\repository\org\unbescape\unbescape\1.1.6.RELEASE\unbescape-1.1.6.RELEASE.jar;C:\Users\matthew.b.dowell\.m2\repository\org\slf4j\slf4j-api\1.7.25\slf4j-api-1.7.25.jar;C:\Users\matthew.b.dowell\.m2\repository\log4j\log4j\1.2.14\log4j-1.2.14.jar;C:\Users\matthew.b.dowell\.m2\repository\javax\inject\javax.inject\1\javax.inject-1.jar;C:\Users\matthew.b.dowell\.m2\repository\commons-fileupload\commons-fileupload\1.4\commons-fileupload-1.4.jar;C:\Users\matthew.b.dowell\.m2\repository\commons-io\commons-io\2.6\commons-io-2.6.jar;C:\Users\matthew.b.dowell\.m2\repository\com\fasterxml\jackson\core\jackson-databind\2.9.8\jackson-databind-2.9.8.jar;C:\Users\matthew.b.dowell\.m2\repository\com\fasterxml\jackson\core\jackson-annotations\2.9.0\jackson-annotations-2.9.0.jar;C:\Users\matthew.b.dowell\.m2\repository\com\fasterxml\jackson\core\jackson-core\2.9.8\jackson-core-2.9.8.jar;C:\Users\matthew.b.dowell\.m2\repository\junit\junit\4.12\junit-4.12.jar;C:\Users\matthew.b.dowell\.m2\repository\org\hamcrest\hamcrest-core\1.3\hamcrest-core-1.3.jar;"/>
    <property name="sun.cpu.endian" value="little"/>
    <property name="user.home" value="C:\Users\matthew.b.dowell"/>
    <property name="user.language" value="en"/>
    <property name="java.specification.vendor" value="Oracle Corporation"/>
    <property name="java.home" value="C:\jba\java\jdk_8_231\jre"/>
    <property name="basedir" value="C:\Users\matthew.b.dowell\eclipse\workspace\personal\mvcproject"/>
    <property name="file.separator" value="\"/>
    <property name="line.separator" value="&#10;"/>
    <property name="java.vm.specification.vendor" value="Oracle Corporation"/>
    <property name="java.specification.name" value="Java Platform API Specification"/>
    <property name="java.awt.graphicsenv" value="sun.awt.Win32GraphicsEnvironment"/>
    <property name="name" value="mvcproject"/>
    <property name="surefire.real.class.path" value="C:\Users\matthew.b.dowell\AppData\Local\Temp\surefire6338408015388490523\surefirebooter3629044360940603177.jar"/>
    <property name="servlet.port" value="8080"/>
    <property name="sun.boot.class.path" value="C:\jba\java\jdk_8_231\jre\lib\resources.jar;C:\jba\java\jdk_8_231\jre\lib\rt.jar;C:\jba\java\jdk_8_231\jre\lib\sunrsasign.jar;C:\jba\java\jdk_8_231\jre\lib\jsse.jar;C:\jba\java\jdk_8_231\jre\lib\jce.jar;C:\jba\java\jdk_8_231\jre\lib\charsets.jar;C:\jba\java\jdk_8_231\jre\lib\jfr.jar;C:\jba\java\jdk_8_231\jre\classes"/>
    <property name="user.script" value=""/>
    <property name="sun.management.compiler" value="HotSpot 64-Bit Tiered Compilers"/>
    <property name="java.runtime.version" value="1.8.0_231-b11"/>
    <property name="user.name" value="matthew.b.dowell"/>
    <property name="path.separator" value=";"/>
    <property name="os.version" value="10.0"/>
    <property name="java.endorsed.dirs" value="C:\jba\java\jdk_8_231\jre\lib\endorsed"/>
    <property name="java.runtime.name" value="Java(TM) SE Runtime Environment"/>
    <property name="file.encoding" value="Cp1252"/>
    <property name="java.vm.name" value="Java HotSpot(TM) 64-Bit Server VM"/>
    <property name="localRepository" value="C:\Users\matthew.b.dowell\.m2\repository"/>
    <property name="java.vendor.url.bug" value="http://bugreport.sun.com/bugreport/"/>
    <property name="java.io.tmpdir" value="C:\Users\MATTHE~1.DOW\AppData\Local\Temp\"/>
    <property name="java.version" value="1.8.0_231"/>
    <property name="user.dir" value="C:\Users\matthew.b.dowell\eclipse\workspace\personal\mvcproject"/>
    <property name="os.arch" value="amd64"/>
    <property name="java.vm.specification.name" value="Java Virtual Machine Specification"/>
    <property name="java.awt.printerjob" value="sun.awt.windows.WPrinterJob"/>
    <property name="sun.os.patch.level" value=""/>
    <property name="java.library.path" value="C:\jba\java\jdk_8_231\jre\bin;C:\WINDOWS\Sun\Java\bin;C:\WINDOWS\system32;C:\WINDOWS;C:/Users/matthew.b.dowell/.p2/pool/plugins/org.eclipse.justj.openjdk.hotspot.jre.full.win32.x86_64_15.0.2.v20210201-0955/jre/bin/server;C:/Users/matthew.b.dowell/.p2/pool/plugins/org.eclipse.justj.openjdk.hotspot.jre.full.win32.x86_64_15.0.2.v20210201-0955/jre/bin;C:\WINDOWS\system32;C:\WINDOWS;C:\WINDOWS\System32\Wbem;C:\WINDOWS\System32\WindowsPowerShell\v1.0\;C:\WINDOWS\System32\OpenSSH\;C:\jba\nvm;C:\Program Files\nodejs;C:\jba\java\jdk_8_231\bin;C:\Program Files\Git\cmd;C:\jba\flutter\bin;C:\jba\tns\instant_client;;C:\Program Files\Docker\Docker\resources\bin;C:\ProgramData\DockerDesktop\version-bin;C:\Users\matthew.b.dowell\AppData\Local\Microsoft\WindowsApps;C:\jba\nvm;C:\Program Files\nodejs;C:\Users\matthew.b.dowell\AppData\Local\Programs\Microsoft VS Code\bin;;C:\Users\matthew.b.dowell\eclipse\java-2021-03\eclipse;;."/>
    <property name="java.vm.info" value="mixed mode"/>
    <property name="java.vendor" value="Oracle Corporation"/>
    <property name="java.vm.version" value="25.231-b11"/>
    <property name="java.ext.dirs" value="C:\jba\java\jdk_8_231\jre\lib\ext;C:\WINDOWS\Sun\Java\lib\ext"/>
    <property name="sun.io.unicode.encoding" value="UnicodeLittle"/>
    <property name="java.class.version" value="52.0"/>
  </properties>
  <testcase name="hello" classname="com.organization.mvcproject.it.HelloIT" time="0.409"/>
</testsuite>